0 info it worked if it ends with ok
1 verbose cli [ '/usr/bin/node', '/usr/bin/npm', 'install', '-g', 'json-server' ]
2 info using npm@3.5.2
3 info using node@v8.10.0
4 silly loadCurrentTree Starting
5 silly install loadCurrentTree
6 silly install readGlobalPackageData
7 silly fetchPackageMetaData json-server
8 silly fetchNamedPackageData json-server
9 silly mapToRegistry name json-server
10 silly mapToRegistry using default registry
11 silly mapToRegistry registry https://registry.npmjs.org/
12 silly mapToRegistry uri https://registry.npmjs.org/json-server
13 verbose request uri https://registry.npmjs.org/json-server
14 verbose request no auth needed
15 info attempt registry request try #1 at 11:08:26 AM
16 verbose request id f6ab51bbda737b4f
17 http request GET https://registry.npmjs.org/json-server
18 http 200 https://registry.npmjs.org/json-server
19 verbose headers { date: 'Sat, 21 May 2022 18:08:26 GMT',
19 verbose headers   'content-type': 'application/json',
19 verbose headers   'transfer-encoding': 'chunked',
19 verbose headers   connection: 'keep-alive',
19 verbose headers   'cf-ray': '70ef41e45bd72509-SJC',
19 verbose headers   'access-control-allow-origin': '*',
19 verbose headers   'cache-control': 'public, max-age=300',
19 verbose headers   etag: 'W/"3020a559b94bd5b8c3b3947a706450ea"',
19 verbose headers   'last-modified': 'Fri, 06 May 2022 22:09:22 GMT',
19 verbose headers   vary: 'accept-encoding, accept',
19 verbose headers   'cf-cache-status': 'REVALIDATED',
19 verbose headers   'expect-ct': 'max-age=604800, report-uri="https://report-uri.cloudflare.com/cdn-cgi/beacon/expect-ct"',
19 verbose headers   'x-amz-replication-status': 'PENDING',
19 verbose headers   server: 'cloudflare',
19 verbose headers   'content-encoding': 'gzip' }
20 silly get cb [ 200,
20 silly get   { date: 'Sat, 21 May 2022 18:08:26 GMT',
20 silly get     'content-type': 'application/json',
20 silly get     'transfer-encoding': 'chunked',
20 silly get     connection: 'keep-alive',
20 silly get     'cf-ray': '70ef41e45bd72509-SJC',
20 silly get     'access-control-allow-origin': '*',
20 silly get     'cache-control': 'public, max-age=300',
20 silly get     etag: 'W/"3020a559b94bd5b8c3b3947a706450ea"',
20 silly get     'last-modified': 'Fri, 06 May 2022 22:09:22 GMT',
20 silly get     vary: 'accept-encoding, accept',
20 silly get     'cf-cache-status': 'REVALIDATED',
20 silly get     'expect-ct': 'max-age=604800, report-uri="https://report-uri.cloudflare.com/cdn-cgi/beacon/expect-ct"',
20 silly get     'x-amz-replication-status': 'PENDING',
20 silly get     server: 'cloudflare',
20 silly get     'content-encoding': 'gzip' } ]
21 verbose get saving json-server to /home/andrew/.npm/registry.npmjs.org/json-server/.cache.json
22 silly install normalizeTree
23 silly loadCurrentTree Finishing
24 silly loadIdealTree Starting
25 silly install loadIdealTree
26 silly cloneCurrentTree Starting
27 silly install cloneCurrentTreeToIdealTree
28 silly cloneCurrentTree Finishing
29 silly loadShrinkwrap Starting
30 silly install loadShrinkwrap
31 silly loadShrinkwrap Finishing
32 silly loadAllDepsIntoIdealTree Starting
33 silly install loadAllDepsIntoIdealTree
34 silly resolveWithNewModule json-server@0.17.0 checking installable status
35 silly cache add args [ 'json-server', null ]
36 verbose cache add spec json-server
37 silly cache add parsed spec Result {
37 silly cache add   raw: 'json-server',
37 silly cache add   scope: null,
37 silly cache add   name: 'json-server',
37 silly cache add   rawSpec: '',
37 silly cache add   spec: 'latest',
37 silly cache add   type: 'tag' }
38 silly addNamed json-server@latest
39 verbose addNamed "latest" is being treated as a dist-tag for json-server
40 info addNameTag [ 'json-server', 'latest' ]
41 silly mapToRegistry name json-server
42 silly mapToRegistry using default registry
43 silly mapToRegistry registry https://registry.npmjs.org/
44 silly mapToRegistry uri https://registry.npmjs.org/json-server
45 verbose addNameTag registry:https://registry.npmjs.org/json-server not in flight; fetching
46 verbose get https://registry.npmjs.org/json-server not expired, no request
47 silly addNameTag next cb for json-server with tag latest
48 silly addNamed json-server@0.17.0
49 verbose addNamed "0.17.0" is a plain semver version for json-server
50 silly mapToRegistry name json-server
51 silly mapToRegistry using default registry
52 silly mapToRegistry registry https://registry.npmjs.org/
53 silly mapToRegistry uri https://registry.npmjs.org/json-server
54 verbose addRemoteTarball https://registry.npmjs.org/json-server/-/json-server-0.17.0.tgz not in flight; adding
55 verbose addRemoteTarball [ 'https://registry.npmjs.org/json-server/-/json-server-0.17.0.tgz',
55 verbose addRemoteTarball   '6db3d1d1028a90c4642ff5e56274d106348ec44c' ]
56 info retry fetch attempt 1 at 11:08:26 AM
57 info attempt registry request try #1 at 11:08:26 AM
58 http fetch GET https://registry.npmjs.org/json-server/-/json-server-0.17.0.tgz
59 http fetch 200 https://registry.npmjs.org/json-server/-/json-server-0.17.0.tgz
60 silly fetchAndShaCheck shasum 6db3d1d1028a90c4642ff5e56274d106348ec44c
61 verbose addTmpTarball /tmp/npm-2050-b8cff514/registry.npmjs.org/json-server/-/json-server-0.17.0.tgz not in flight; adding
62 verbose addTmpTarball already have metadata; skipping unpack for json-server@0.17.0
63 silly cache afterAdd json-server@0.17.0
64 verbose afterAdd /home/andrew/.npm/json-server/0.17.0/package/package.json not in flight; writing
65 verbose afterAdd /home/andrew/.npm/json-server/0.17.0/package/package.json written
66 silly fetchNamedPackageData body-parser
67 silly mapToRegistry name body-parser
68 silly mapToRegistry using default registry
69 silly mapToRegistry registry https://registry.npmjs.org/
70 silly mapToRegistry uri https://registry.npmjs.org/body-parser
71 silly fetchNamedPackageData chalk
72 silly mapToRegistry name chalk
73 silly mapToRegistry using default registry
74 silly mapToRegistry registry https://registry.npmjs.org/
75 silly mapToRegistry uri https://registry.npmjs.org/chalk
76 silly fetchNamedPackageData compression
77 silly mapToRegistry name compression
78 silly mapToRegistry using default registry
79 silly mapToRegistry registry https://registry.npmjs.org/
80 silly mapToRegistry uri https://registry.npmjs.org/compression
81 silly fetchNamedPackageData connect-pause
82 silly mapToRegistry name connect-pause
83 silly mapToRegistry using default registry
84 silly mapToRegistry registry https://registry.npmjs.org/
85 silly mapToRegistry uri https://registry.npmjs.org/connect-pause
86 silly fetchNamedPackageData cors
87 silly mapToRegistry name cors
88 silly mapToRegistry using default registry
89 silly mapToRegistry registry https://registry.npmjs.org/
90 silly mapToRegistry uri https://registry.npmjs.org/cors
91 silly fetchNamedPackageData errorhandler
92 silly mapToRegistry name errorhandler
93 silly mapToRegistry using default registry
94 silly mapToRegistry registry https://registry.npmjs.org/
95 silly mapToRegistry uri https://registry.npmjs.org/errorhandler
96 silly fetchNamedPackageData express
97 silly mapToRegistry name express
98 silly mapToRegistry using default registry
99 silly mapToRegistry registry https://registry.npmjs.org/
100 silly mapToRegistry uri https://registry.npmjs.org/express
101 silly fetchNamedPackageData express-urlrewrite
102 silly mapToRegistry name express-urlrewrite
103 silly mapToRegistry using default registry
104 silly mapToRegistry registry https://registry.npmjs.org/
105 silly mapToRegistry uri https://registry.npmjs.org/express-urlrewrite
106 silly fetchNamedPackageData json-parse-helpfulerror
107 silly mapToRegistry name json-parse-helpfulerror
108 silly mapToRegistry using default registry
109 silly mapToRegistry registry https://registry.npmjs.org/
110 silly mapToRegistry uri https://registry.npmjs.org/json-parse-helpfulerror
111 silly fetchNamedPackageData lodash
112 silly mapToRegistry name lodash
113 silly mapToRegistry using default registry
114 silly mapToRegistry registry https://registry.npmjs.org/
115 silly mapToRegistry uri https://registry.npmjs.org/lodash
116 silly fetchNamedPackageData lodash-id
117 silly mapToRegistry name lodash-id
118 silly mapToRegistry using default registry
119 silly mapToRegistry registry https://registry.npmjs.org/
120 silly mapToRegistry uri https://registry.npmjs.org/lodash-id
121 silly fetchNamedPackageData lowdb
122 silly mapToRegistry name lowdb
123 silly mapToRegistry using default registry
124 silly mapToRegistry registry https://registry.npmjs.org/
125 silly mapToRegistry uri https://registry.npmjs.org/lowdb
126 silly fetchNamedPackageData method-override
127 silly mapToRegistry name method-override
128 silly mapToRegistry using default registry
129 silly mapToRegistry registry https://registry.npmjs.org/
130 silly mapToRegistry uri https://registry.npmjs.org/method-override
131 silly fetchNamedPackageData morgan
132 silly mapToRegistry name morgan
133 silly mapToRegistry using default registry
134 silly mapToRegistry registry https://registry.npmjs.org/
135 silly mapToRegistry uri https://registry.npmjs.org/morgan
136 silly fetchNamedPackageData nanoid
137 silly mapToRegistry name nanoid
138 silly mapToRegistry using default registry
139 silly mapToRegistry registry https://registry.npmjs.org/
140 silly mapToRegistry uri https://registry.npmjs.org/nanoid
141 silly fetchNamedPackageData please-upgrade-node
142 silly mapToRegistry name please-upgrade-node
143 silly mapToRegistry using default registry
144 silly mapToRegistry registry https://registry.npmjs.org/
145 silly mapToRegistry uri https://registry.npmjs.org/please-upgrade-node
146 silly fetchNamedPackageData pluralize
147 silly mapToRegistry name pluralize
148 silly mapToRegistry using default registry
149 silly mapToRegistry registry https://registry.npmjs.org/
150 silly mapToRegistry uri https://registry.npmjs.org/pluralize
151 silly fetchNamedPackageData server-destroy
152 silly mapToRegistry name server-destroy
153 silly mapToRegistry using default registry
154 silly mapToRegistry registry https://registry.npmjs.org/
155 silly mapToRegistry uri https://registry.npmjs.org/server-destroy
156 silly fetchNamedPackageData update-notifier
157 silly mapToRegistry name update-notifier
158 silly mapToRegistry using default registry
159 silly mapToRegistry registry https://registry.npmjs.org/
160 silly mapToRegistry uri https://registry.npmjs.org/update-notifier
161 silly fetchNamedPackageData yargs
162 silly mapToRegistry name yargs
163 silly mapToRegistry using default registry
164 silly mapToRegistry registry https://registry.npmjs.org/
165 silly mapToRegistry uri https://registry.npmjs.org/yargs
166 verbose request uri https://registry.npmjs.org/body-parser
167 verbose request no auth needed
168 info attempt registry request try #1 at 11:08:26 AM
169 http request GET https://registry.npmjs.org/body-parser
170 verbose request uri https://registry.npmjs.org/chalk
171 verbose request no auth needed
172 info attempt registry request try #1 at 11:08:26 AM
173 http request GET https://registry.npmjs.org/chalk
174 verbose request uri https://registry.npmjs.org/compression
175 verbose request no auth needed
176 info attempt registry request try #1 at 11:08:26 AM
177 http request GET https://registry.npmjs.org/compression
178 verbose request uri https://registry.npmjs.org/connect-pause
179 verbose request no auth needed
180 info attempt registry request try #1 at 11:08:26 AM
181 http request GET https://registry.npmjs.org/connect-pause
182 verbose request uri https://registry.npmjs.org/cors
183 verbose request no auth needed
184 info attempt registry request try #1 at 11:08:26 AM
185 http request GET https://registry.npmjs.org/cors
186 verbose request uri https://registry.npmjs.org/errorhandler
187 verbose request no auth needed
188 info attempt registry request try #1 at 11:08:26 AM
189 http request GET https://registry.npmjs.org/errorhandler
190 verbose request uri https://registry.npmjs.org/express
191 verbose request no auth needed
192 info attempt registry request try #1 at 11:08:26 AM
193 http request GET https://registry.npmjs.org/express
194 verbose request uri https://registry.npmjs.org/express-urlrewrite
195 verbose request no auth needed
196 info attempt registry request try #1 at 11:08:26 AM
197 http request GET https://registry.npmjs.org/express-urlrewrite
198 verbose request uri https://registry.npmjs.org/json-parse-helpfulerror
199 verbose request no auth needed
200 info attempt registry request try #1 at 11:08:26 AM
201 http request GET https://registry.npmjs.org/json-parse-helpfulerror
202 verbose request uri https://registry.npmjs.org/lodash
203 verbose request no auth needed
204 info attempt registry request try #1 at 11:08:26 AM
205 http request GET https://registry.npmjs.org/lodash
206 verbose request uri https://registry.npmjs.org/lodash-id
207 verbose request no auth needed
208 info attempt registry request try #1 at 11:08:26 AM
209 http request GET https://registry.npmjs.org/lodash-id
210 verbose request uri https://registry.npmjs.org/lowdb
211 verbose request no auth needed
212 info attempt registry request try #1 at 11:08:26 AM
213 http request GET https://registry.npmjs.org/lowdb
214 verbose request uri https://registry.npmjs.org/method-override
215 verbose request no auth needed
216 info attempt registry request try #1 at 11:08:26 AM
217 http request GET https://registry.npmjs.org/method-override
218 verbose request uri https://registry.npmjs.org/morgan
219 verbose request no auth needed
220 info attempt registry request try #1 at 11:08:26 AM
221 http request GET https://registry.npmjs.org/morgan
222 verbose request uri https://registry.npmjs.org/nanoid
223 verbose request no auth needed
224 info attempt registry request try #1 at 11:08:26 AM
225 http request GET https://registry.npmjs.org/nanoid
226 verbose request uri https://registry.npmjs.org/please-upgrade-node
227 verbose request no auth needed
228 info attempt registry request try #1 at 11:08:26 AM
229 http request GET https://registry.npmjs.org/please-upgrade-node
230 verbose request uri https://registry.npmjs.org/pluralize
231 verbose request no auth needed
232 info attempt registry request try #1 at 11:08:26 AM
233 http request GET https://registry.npmjs.org/pluralize
234 verbose request uri https://registry.npmjs.org/server-destroy
235 verbose request no auth needed
236 info attempt registry request try #1 at 11:08:26 AM
237 http request GET https://registry.npmjs.org/server-destroy
238 verbose request uri https://registry.npmjs.org/update-notifier
239 verbose request no auth needed
240 info attempt registry request try #1 at 11:08:26 AM
241 http request GET https://registry.npmjs.org/update-notifier
242 verbose request uri https://registry.npmjs.org/yargs
243 verbose request no auth needed
244 info attempt registry request try #1 at 11:08:26 AM
245 http request GET https://registry.npmjs.org/yargs
246 http 200 https://registry.npmjs.org/chalk
247 verbose headers { date: 'Sat, 21 May 2022 18:08:26 GMT',
247 verbose headers   'content-type': 'application/json',
247 verbose headers   'transfer-encoding': 'chunked',
247 verbose headers   connection: 'keep-alive',
247 verbose headers   'cf-ray': '70ef41e57ffe9688-SJC',
247 verbose headers   'access-control-allow-origin': '*',
247 verbose headers   age: '139',
247 verbose headers   'cache-control': 'public, max-age=300',
247 verbose headers   etag: 'W/"a939c8e94e21e1ad47e7eb4f17a2878b"',
247 verbose headers   'last-modified': 'Mon, 16 May 2022 06:57:26 GMT',
247 verbose headers   vary: 'accept-encoding, accept',
247 verbose headers   'cf-cache-status': 'HIT',
247 verbose headers   'expect-ct': 'max-age=604800, report-uri="https://report-uri.cloudflare.com/cdn-cgi/beacon/expect-ct"',
247 verbose headers   'x-amz-replication-status': 'PENDING',
247 verbose headers   server: 'cloudflare',
247 verbose headers   'content-encoding': 'gzip' }
248 silly get cb [ 200,
248 silly get   { date: 'Sat, 21 May 2022 18:08:26 GMT',
248 silly get     'content-type': 'application/json',
248 silly get     'transfer-encoding': 'chunked',
248 silly get     connection: 'keep-alive',
248 silly get     'cf-ray': '70ef41e57ffe9688-SJC',
248 silly get     'access-control-allow-origin': '*',
248 silly get     age: '139',
248 silly get     'cache-control': 'public, max-age=300',
248 silly get     etag: 'W/"a939c8e94e21e1ad47e7eb4f17a2878b"',
248 silly get     'last-modified': 'Mon, 16 May 2022 06:57:26 GMT',
248 silly get     vary: 'accept-encoding, accept',
248 silly get     'cf-cache-status': 'HIT',
248 silly get     'expect-ct': 'max-age=604800, report-uri="https://report-uri.cloudflare.com/cdn-cgi/beacon/expect-ct"',
248 silly get     'x-amz-replication-status': 'PENDING',
248 silly get     server: 'cloudflare',
248 silly get     'content-encoding': 'gzip' } ]
249 verbose get saving chalk to /home/andrew/.npm/registry.npmjs.org/chalk/.cache.json
250 http 200 https://registry.npmjs.org/cors
251 verbose headers { date: 'Sat, 21 May 2022 18:08:26 GMT',
251 verbose headers   'content-type': 'application/json',
251 verbose headers   'transfer-encoding': 'chunked',
251 verbose headers   connection: 'keep-alive',
251 verbose headers   'cf-ray': '70ef41e57a559655-SJC',
251 verbose headers   'access-control-allow-origin': '*',
251 verbose headers   age: '77',
251 verbose headers   'cache-control': 'public, max-age=300',
251 verbose headers   etag: 'W/"e6f83ee7edf139e342d03e80319d76ce"',
251 verbose headers   'last-modified': 'Sat, 21 May 2022 14:04:53 GMT',
251 verbose headers   vary: 'accept-encoding, accept',
251 verbose headers   'cf-cache-status': 'HIT',
251 verbose headers   'expect-ct': 'max-age=604800, report-uri="https://report-uri.cloudflare.com/cdn-cgi/beacon/expect-ct"',
251 verbose headers   'x-amz-replication-status': 'PENDING',
251 verbose headers   server: 'cloudflare',
251 verbose headers   'content-encoding': 'gzip' }
252 silly get cb [ 200,
252 silly get   { date: 'Sat, 21 May 2022 18:08:26 GMT',
252 silly get     'content-type': 'application/json',
252 silly get     'transfer-encoding': 'chunked',
252 silly get     connection: 'keep-alive',
252 silly get     'cf-ray': '70ef41e57a559655-SJC',
252 silly get     'access-control-allow-origin': '*',
252 silly get     age: '77',
252 silly get     'cache-control': 'public, max-age=300',
252 silly get     etag: 'W/"e6f83ee7edf139e342d03e80319d76ce"',
252 silly get     'last-modified': 'Sat, 21 May 2022 14:04:53 GMT',
252 silly get     vary: 'accept-encoding, accept',
252 silly get     'cf-cache-status': 'HIT',
252 silly get     'expect-ct': 'max-age=604800, report-uri="https://report-uri.cloudflare.com/cdn-cgi/beacon/expect-ct"',
252 silly get     'x-amz-replication-status': 'PENDING',
252 silly get     server: 'cloudflare',
252 silly get     'content-encoding': 'gzip' } ]
253 verbose get saving cors to /home/andrew/.npm/registry.npmjs.org/cors/.cache.json
254 http 200 https://registry.npmjs.org/compression
255 verbose headers { date: 'Sat, 21 May 2022 18:08:26 GMT',
255 verbose headers   'content-type': 'application/json',
255 verbose headers   'transfer-encoding': 'chunked',
255 verbose headers   connection: 'keep-alive',
255 verbose headers   'cf-ray': '70ef41e578019688-SJC',
255 verbose headers   'access-control-allow-origin': '*',
255 verbose headers   age: '150',
255 verbose headers   'cache-control': 'public, max-age=300',
255 verbose headers   etag: 'W/"52f524544ba7beb7c0676667c4b11699"',
255 verbose headers   'last-modified': 'Wed, 27 Apr 2022 15:14:08 GMT',
255 verbose headers   vary: 'accept-encoding, accept',
255 verbose headers   'cf-cache-status': 'HIT',
255 verbose headers   'expect-ct': 'max-age=604800, report-uri="https://report-uri.cloudflare.com/cdn-cgi/beacon/expect-ct"',
255 verbose headers   'x-amz-replication-status': 'PENDING',
255 verbose headers   server: 'cloudflare',
255 verbose headers   'content-encoding': 'gzip' }
256 silly get cb [ 200,
256 silly get   { date: 'Sat, 21 May 2022 18:08:26 GMT',
256 silly get     'content-type': 'application/json',
256 silly get     'transfer-encoding': 'chunked',
256 silly get     connection: 'keep-alive',
256 silly get     'cf-ray': '70ef41e578019688-SJC',
256 silly get     'access-control-allow-origin': '*',
256 silly get     age: '150',
256 silly get     'cache-control': 'public, max-age=300',
256 silly get     etag: 'W/"52f524544ba7beb7c0676667c4b11699"',
256 silly get     'last-modified': 'Wed, 27 Apr 2022 15:14:08 GMT',
256 silly get     vary: 'accept-encoding, accept',
256 silly get     'cf-cache-status': 'HIT',
256 silly get     'expect-ct': 'max-age=604800, report-uri="https://report-uri.cloudflare.com/cdn-cgi/beacon/expect-ct"',
256 silly get     'x-amz-replication-status': 'PENDING',
256 silly get     server: 'cloudflare',
256 silly get     'content-encoding': 'gzip' } ]
257 verbose get saving compression to /home/andrew/.npm/registry.npmjs.org/compression/.cache.json
258 http 200 https://registry.npmjs.org/pluralize
259 verbose headers { date: 'Sat, 21 May 2022 18:08:26 GMT',
259 verbose headers   'content-type': 'application/json',
259 verbose headers   'transfer-encoding': 'chunked',
259 verbose headers   connection: 'keep-alive',
259 verbose headers   'cf-ray': '70ef41e57d03aab5-SJC',
259 verbose headers   'access-control-allow-origin': '*',
259 verbose headers   age: '250',
259 verbose headers   'cache-control': 'public, max-age=300',
259 verbose headers   etag: 'W/"f2eb432ac6c649183825f6b25aae85a3"',
259 verbose headers   'last-modified': 'Fri, 13 May 2022 02:46:22 GMT',
259 verbose headers   vary: 'accept-encoding, accept',
259 verbose headers   'cf-cache-status': 'HIT',
259 verbose headers   'expect-ct': 'max-age=604800, report-uri="https://report-uri.cloudflare.com/cdn-cgi/beacon/expect-ct"',
259 verbose headers   'x-amz-replication-status': 'PENDING',
259 verbose headers   server: 'cloudflare',
259 verbose headers   'content-encoding': 'gzip' }
260 silly get cb [ 200,
260 silly get   { date: 'Sat, 21 May 2022 18:08:26 GMT',
260 silly get     'content-type': 'application/json',
260 silly get     'transfer-encoding': 'chunked',
260 silly get     connection: 'keep-alive',
260 silly get     'cf-ray': '70ef41e57d03aab5-SJC',
260 silly get     'access-control-allow-origin': '*',
260 silly get     age: '250',
260 silly get     'cache-control': 'public, max-age=300',
260 silly get     etag: 'W/"f2eb432ac6c649183825f6b25aae85a3"',
260 silly get     'last-modified': 'Fri, 13 May 2022 02:46:22 GMT',
260 silly get     vary: 'accept-encoding, accept',
260 silly get     'cf-cache-status': 'HIT',
260 silly get     'expect-ct': 'max-age=604800, report-uri="https://report-uri.cloudflare.com/cdn-cgi/beacon/expect-ct"',
260 silly get     'x-amz-replication-status': 'PENDING',
260 silly get     server: 'cloudflare',
260 silly get     'content-encoding': 'gzip' } ]
261 verbose get saving pluralize to /home/andrew/.npm/registry.npmjs.org/pluralize/.cache.json
262 silly resolveWithNewModule chalk@4.1.2 checking installable status
263 silly cache add args [ 'chalk@^4.1.2', null ]
264 verbose cache add spec chalk@^4.1.2
265 silly cache add parsed spec Result {
265 silly cache add   raw: 'chalk@^4.1.2',
265 silly cache add   scope: null,
265 silly cache add   name: 'chalk',
265 silly cache add   rawSpec: '^4.1.2',
265 silly cache add   spec: '>=4.1.2 <5.0.0',
265 silly cache add   type: 'range' }
266 silly addNamed chalk@>=4.1.2 <5.0.0
267 verbose addNamed ">=4.1.2 <5.0.0" is a valid semver range for chalk
268 silly addNameRange { name: 'chalk', range: '>=4.1.2 <5.0.0', hasData: false }
269 silly mapToRegistry name chalk
270 silly mapToRegistry using default registry
271 silly mapToRegistry registry https://registry.npmjs.org/
272 silly mapToRegistry uri https://registry.npmjs.org/chalk
273 verbose addNameRange registry:https://registry.npmjs.org/chalk not in flight; fetching
274 http 200 https://registry.npmjs.org/morgan
275 verbose headers { date: 'Sat, 21 May 2022 18:08:26 GMT',
275 verbose headers   'content-type': 'application/json',
275 verbose headers   'transfer-encoding': 'chunked',
275 verbose headers   connection: 'keep-alive',
275 verbose headers   'cf-ray': '70ef41e57e999698-SJC',
275 verbose headers   'access-control-allow-origin': '*',
275 verbose headers   age: '109',
275 verbose headers   'cache-control': 'public, max-age=300',
275 verbose headers   etag: 'W/"0a3ab30f951eaeb25c26ae69c522ccd6"',
275 verbose headers   'last-modified': 'Mon, 09 May 2022 20:31:09 GMT',
275 verbose headers   vary: 'accept-encoding, accept',
275 verbose headers   'cf-cache-status': 'HIT',
275 verbose headers   'expect-ct': 'max-age=604800, report-uri="https://report-uri.cloudflare.com/cdn-cgi/beacon/expect-ct"',
275 verbose headers   'x-amz-replication-status': 'PENDING',
275 verbose headers   server: 'cloudflare',
275 verbose headers   'content-encoding': 'gzip' }
276 silly get cb [ 200,
276 silly get   { date: 'Sat, 21 May 2022 18:08:26 GMT',
276 silly get     'content-type': 'application/json',
276 silly get     'transfer-encoding': 'chunked',
276 silly get     connection: 'keep-alive',
276 silly get     'cf-ray': '70ef41e57e999698-SJC',
276 silly get     'access-control-allow-origin': '*',
276 silly get     age: '109',
276 silly get     'cache-control': 'public, max-age=300',
276 silly get     etag: 'W/"0a3ab30f951eaeb25c26ae69c522ccd6"',
276 silly get     'last-modified': 'Mon, 09 May 2022 20:31:09 GMT',
276 silly get     vary: 'accept-encoding, accept',
276 silly get     'cf-cache-status': 'HIT',
276 silly get     'expect-ct': 'max-age=604800, report-uri="https://report-uri.cloudflare.com/cdn-cgi/beacon/expect-ct"',
276 silly get     'x-amz-replication-status': 'PENDING',
276 silly get     server: 'cloudflare',
276 silly get     'content-encoding': 'gzip' } ]
277 verbose get saving morgan to /home/andrew/.npm/registry.npmjs.org/morgan/.cache.json
278 silly resolveWithNewModule cors@2.8.5 checking installable status
279 silly cache add args [ 'cors@^2.8.5', null ]
280 verbose cache add spec cors@^2.8.5
281 silly cache add parsed spec Result {
281 silly cache add   raw: 'cors@^2.8.5',
281 silly cache add   scope: null,
281 silly cache add   name: 'cors',
281 silly cache add   rawSpec: '^2.8.5',
281 silly cache add   spec: '>=2.8.5 <3.0.0',
281 silly cache add   type: 'range' }
282 silly addNamed cors@>=2.8.5 <3.0.0
283 verbose addNamed ">=2.8.5 <3.0.0" is a valid semver range for cors
284 silly addNameRange { name: 'cors', range: '>=2.8.5 <3.0.0', hasData: false }
285 silly mapToRegistry name cors
286 silly mapToRegistry using default registry
287 silly mapToRegistry registry https://registry.npmjs.org/
288 silly mapToRegistry uri https://registry.npmjs.org/cors
289 verbose addNameRange registry:https://registry.npmjs.org/cors not in flight; fetching
290 silly resolveWithNewModule compression@1.7.4 checking installable status
291 silly cache add args [ 'compression@^1.7.4', null ]
292 verbose cache add spec compression@^1.7.4
293 silly cache add parsed spec Result {
293 silly cache add   raw: 'compression@^1.7.4',
293 silly cache add   scope: null,
293 silly cache add   name: 'compression',
293 silly cache add   rawSpec: '^1.7.4',
293 silly cache add   spec: '>=1.7.4 <2.0.0',
293 silly cache add   type: 'range' }
294 silly addNamed compression@>=1.7.4 <2.0.0
295 verbose addNamed ">=1.7.4 <2.0.0" is a valid semver range for compression
296 silly addNameRange { name: 'compression', range: '>=1.7.4 <2.0.0', hasData: false }
297 silly mapToRegistry name compression
298 silly mapToRegistry using default registry
299 silly mapToRegistry registry https://registry.npmjs.org/
300 silly mapToRegistry uri https://registry.npmjs.org/compression
301 verbose addNameRange registry:https://registry.npmjs.org/compression not in flight; fetching
302 verbose get https://registry.npmjs.org/chalk not expired, no request
303 silly addNameRange number 2 { name: 'chalk', range: '>=4.1.2 <5.0.0', hasData: true }
304 silly addNameRange versions [ 'chalk',
304 silly addNameRange   [ '0.1.0',
304 silly addNameRange     '0.1.1',
304 silly addNameRange     '0.2.0',
304 silly addNameRange     '0.2.1',
304 silly addNameRange     '0.3.0',
304 silly addNameRange     '0.4.0',
304 silly addNameRange     '0.5.0',
304 silly addNameRange     '0.5.1',
304 silly addNameRange     '1.0.0',
304 silly addNameRange     '1.1.0',
304 silly addNameRange     '1.1.1',
304 silly addNameRange     '1.1.2',
304 silly addNameRange     '1.1.3',
304 silly addNameRange     '2.0.0',
304 silly addNameRange     '2.0.1',
304 silly addNameRange     '2.1.0',
304 silly addNameRange     '2.2.0',
304 silly addNameRange     '2.2.2',
304 silly addNameRange     '2.3.0',
304 silly addNameRange     '2.3.1',
304 silly addNameRange     '2.3.2',
304 silly addNameRange     '2.4.0',
304 silly addNameRange     '2.4.1',
304 silly addNameRange     '2.4.2',
304 silly addNameRange     '3.0.0-beta.1',
304 silly addNameRange     '3.0.0-beta.2',
304 silly addNameRange     '3.0.0',
304 silly addNameRange     '4.0.0',
304 silly addNameRange     '4.1.0',
304 silly addNameRange     '4.1.1',
304 silly addNameRange     '4.1.2',
304 silly addNameRange     '5.0.0',
304 silly addNameRange     '5.0.1' ] ]
305 silly addNamed chalk@4.1.2
306 verbose addNamed "4.1.2" is a plain semver version for chalk
307 http 200 https://registry.npmjs.org/errorhandler
308 verbose headers { date: 'Sat, 21 May 2022 18:08:26 GMT',
308 verbose headers   'content-type': 'application/json',
308 verbose headers   'transfer-encoding': 'chunked',
308 verbose headers   connection: 'keep-alive',
308 verbose headers   'cf-ray': '70ef41e57f899447-SJC',
308 verbose headers   'access-control-allow-origin': '*',
308 verbose headers   age: '110',
308 verbose headers   'cache-control': 'public, max-age=300',
308 verbose headers   etag: 'W/"714d60de6186b13b34d4afbe8856f312"',
308 verbose headers   'last-modified': 'Sun, 01 May 2022 11:04:43 GMT',
308 verbose headers   vary: 'accept-encoding, accept',
308 verbose headers   'cf-cache-status': 'HIT',
308 verbose headers   'expect-ct': 'max-age=604800, report-uri="https://report-uri.cloudflare.com/cdn-cgi/beacon/expect-ct"',
308 verbose headers   'x-amz-replication-status': 'COMPLETED',
308 verbose headers   server: 'cloudflare',
308 verbose headers   'content-encoding': 'gzip' }
309 silly get cb [ 200,
309 silly get   { date: 'Sat, 21 May 2022 18:08:26 GMT',
309 silly get     'content-type': 'application/json',
309 silly get     'transfer-encoding': 'chunked',
309 silly get     connection: 'keep-alive',
309 silly get     'cf-ray': '70ef41e57f899447-SJC',
309 silly get     'access-control-allow-origin': '*',
309 silly get     age: '110',
309 silly get     'cache-control': 'public, max-age=300',
309 silly get     etag: 'W/"714d60de6186b13b34d4afbe8856f312"',
309 silly get     'last-modified': 'Sun, 01 May 2022 11:04:43 GMT',
309 silly get     vary: 'accept-encoding, accept',
309 silly get     'cf-cache-status': 'HIT',
309 silly get     'expect-ct': 'max-age=604800, report-uri="https://report-uri.cloudflare.com/cdn-cgi/beacon/expect-ct"',
309 silly get     'x-amz-replication-status': 'COMPLETED',
309 silly get     server: 'cloudflare',
309 silly get     'content-encoding': 'gzip' } ]
310 verbose get saving errorhandler to /home/andrew/.npm/registry.npmjs.org/errorhandler/.cache.json
311 silly resolveWithNewModule pluralize@8.0.0 checking installable status
312 silly cache add args [ 'pluralize@^8.0.0', null ]
313 verbose cache add spec pluralize@^8.0.0
314 silly cache add parsed spec Result {
314 silly cache add   raw: 'pluralize@^8.0.0',
314 silly cache add   scope: null,
314 silly cache add   name: 'pluralize',
314 silly cache add   rawSpec: '^8.0.0',
314 silly cache add   spec: '>=8.0.0 <9.0.0',
314 silly cache add   type: 'range' }
315 silly addNamed pluralize@>=8.0.0 <9.0.0
316 verbose addNamed ">=8.0.0 <9.0.0" is a valid semver range for pluralize
317 silly addNameRange { name: 'pluralize', range: '>=8.0.0 <9.0.0', hasData: false }
318 silly mapToRegistry name pluralize
319 silly mapToRegistry using default registry
320 silly mapToRegistry registry https://registry.npmjs.org/
321 silly mapToRegistry uri https://registry.npmjs.org/pluralize
322 verbose addNameRange registry:https://registry.npmjs.org/pluralize not in flight; fetching
323 verbose get https://registry.npmjs.org/cors not expired, no request
324 silly addNameRange number 2 { name: 'cors', range: '>=2.8.5 <3.0.0', hasData: true }
325 silly addNameRange versions [ 'cors',
325 silly addNameRange   [ '0.0.1',
325 silly addNameRange     '0.0.2',
325 silly addNameRange     '0.0.3',
325 silly addNameRange     '0.0.4',
325 silly addNameRange     '0.0.5',
325 silly addNameRange     '0.1.0',
325 silly addNameRange     '0.1.1',
325 silly addNameRange     '1.0.0',
325 silly addNameRange     '1.0.1',
325 silly addNameRange     '2.0.0',
325 silly addNameRange     '2.1.0',
325 silly addNameRange     '2.1.1',
325 silly addNameRange     '2.2.0',
325 silly addNameRange     '2.3.0',
325 silly addNameRange     '2.3.1',
325 silly addNameRange     '2.3.2',
325 silly addNameRange     '2.4.0',
325 silly addNameRange     '2.4.1',
325 silly addNameRange     '2.4.2',
325 silly addNameRange     '2.5.0',
325 silly addNameRange     '2.5.1',
325 silly addNameRange     '2.5.2',
325 silly addNameRange     '2.5.3',
325 silly addNameRange     '2.6.0',
325 silly addNameRange     '2.6.1',
325 silly addNameRange     '2.7.0',
325 silly addNameRange     '2.7.1',
325 silly addNameRange     '2.7.2',
325 silly addNameRange     '2.8.0',
325 silly addNameRange     '2.8.1',
325 silly addNameRange     '2.8.2',
325 silly addNameRange     '2.8.3',
325 silly addNameRange     '2.8.4',
325 silly addNameRange     '2.8.5' ] ]
326 silly addNamed cors@2.8.5
327 verbose addNamed "2.8.5" is a plain semver version for cors
328 silly mapToRegistry name chalk
329 silly mapToRegistry using default registry
330 silly mapToRegistry registry https://registry.npmjs.org/
331 silly mapToRegistry uri https://registry.npmjs.org/chalk
332 verbose addRemoteTarball https://registry.npmjs.org/chalk/-/chalk-4.1.2.tgz not in flight; adding
333 verbose addRemoteTarball [ 'https://registry.npmjs.org/chalk/-/chalk-4.1.2.tgz',
333 verbose addRemoteTarball   'aac4e2b7734a740867aeb16bf02aad556a1e7a01' ]
334 silly mapToRegistry name cors
335 silly mapToRegistry using default registry
336 silly mapToRegistry registry https://registry.npmjs.org/
337 silly mapToRegistry uri https://registry.npmjs.org/cors
338 verbose addRemoteTarball https://registry.npmjs.org/cors/-/cors-2.8.5.tgz not in flight; adding
339 verbose addRemoteTarball [ 'https://registry.npmjs.org/cors/-/cors-2.8.5.tgz',
339 verbose addRemoteTarball   'eac11da51592dd86b9f06f6e7ac293b3df875d29' ]
340 http 200 https://registry.npmjs.org/body-parser
341 verbose headers { date: 'Sat, 21 May 2022 18:08:26 GMT',
341 verbose headers   'content-type': 'application/json',
341 verbose headers   'transfer-encoding': 'chunked',
341 verbose headers   connection: 'keep-alive',
341 verbose headers   'cf-ray': '70ef41e57cce2509-SJC',
341 verbose headers   'access-control-allow-origin': '*',
341 verbose headers   age: '62',
341 verbose headers   'cache-control': 'public, max-age=300',
341 verbose headers   etag: 'W/"1ab1a78cdab2d91885bfb61409286c12"',
341 verbose headers   'last-modified': 'Mon, 16 May 2022 05:29:49 GMT',
341 verbose headers   vary: 'accept-encoding, accept',
341 verbose headers   'cf-cache-status': 'HIT',
341 verbose headers   'expect-ct': 'max-age=604800, report-uri="https://report-uri.cloudflare.com/cdn-cgi/beacon/expect-ct"',
341 verbose headers   'x-amz-replication-status': 'PENDING',
341 verbose headers   server: 'cloudflare',
341 verbose headers   'content-encoding': 'gzip' }
342 silly get cb [ 200,
342 silly get   { date: 'Sat, 21 May 2022 18:08:26 GMT',
342 silly get     'content-type': 'application/json',
342 silly get     'transfer-encoding': 'chunked',
342 silly get     connection: 'keep-alive',
342 silly get     'cf-ray': '70ef41e57cce2509-SJC',
342 silly get     'access-control-allow-origin': '*',
342 silly get     age: '62',
342 silly get     'cache-control': 'public, max-age=300',
342 silly get     etag: 'W/"1ab1a78cdab2d91885bfb61409286c12"',
342 silly get     'last-modified': 'Mon, 16 May 2022 05:29:49 GMT',
342 silly get     vary: 'accept-encoding, accept',
342 silly get     'cf-cache-status': 'HIT',
342 silly get     'expect-ct': 'max-age=604800, report-uri="https://report-uri.cloudflare.com/cdn-cgi/beacon/expect-ct"',
342 silly get     'x-amz-replication-status': 'PENDING',
342 silly get     server: 'cloudflare',
342 silly get     'content-encoding': 'gzip' } ]
343 verbose get saving body-parser to /home/andrew/.npm/registry.npmjs.org/body-parser/.cache.json
344 http 200 https://registry.npmjs.org/lodash
345 verbose headers { date: 'Sat, 21 May 2022 18:08:26 GMT',
345 verbose headers   'content-type': 'application/json',
345 verbose headers   'transfer-encoding': 'chunked',
345 verbose headers   connection: 'keep-alive',
345 verbose headers   'cf-ray': '70ef41e5787f97eb-SJC',
345 verbose headers   'access-control-allow-origin': '*',
345 verbose headers   age: '173',
345 verbose headers   'cache-control': 'public, max-age=300',
345 verbose headers   etag: 'W/"66225cc37383d510c0a5d41c587b429d"',
345 verbose headers   'last-modified': 'Sat, 21 May 2022 17:09:56 GMT',
345 verbose headers   vary: 'accept-encoding, accept',
345 verbose headers   'cf-cache-status': 'HIT',
345 verbose headers   'expect-ct': 'max-age=604800, report-uri="https://report-uri.cloudflare.com/cdn-cgi/beacon/expect-ct"',
345 verbose headers   'x-amz-replication-status': 'PENDING',
345 verbose headers   server: 'cloudflare',
345 verbose headers   'content-encoding': 'gzip' }
346 silly get cb [ 200,
346 silly get   { date: 'Sat, 21 May 2022 18:08:26 GMT',
346 silly get     'content-type': 'application/json',
346 silly get     'transfer-encoding': 'chunked',
346 silly get     connection: 'keep-alive',
346 silly get     'cf-ray': '70ef41e5787f97eb-SJC',
346 silly get     'access-control-allow-origin': '*',
346 silly get     age: '173',
346 silly get     'cache-control': 'public, max-age=300',
346 silly get     etag: 'W/"66225cc37383d510c0a5d41c587b429d"',
346 silly get     'last-modified': 'Sat, 21 May 2022 17:09:56 GMT',
346 silly get     vary: 'accept-encoding, accept',
346 silly get     'cf-cache-status': 'HIT',
346 silly get     'expect-ct': 'max-age=604800, report-uri="https://report-uri.cloudflare.com/cdn-cgi/beacon/expect-ct"',
346 silly get     'x-amz-replication-status': 'PENDING',
346 silly get     server: 'cloudflare',
346 silly get     'content-encoding': 'gzip' } ]
347 verbose get saving lodash to /home/andrew/.npm/registry.npmjs.org/lodash/.cache.json
348 http 200 https://registry.npmjs.org/nanoid
349 verbose headers { date: 'Sat, 21 May 2022 18:08:26 GMT',
349 verbose headers   'content-type': 'application/json',
349 verbose headers   'transfer-encoding': 'chunked',
349 verbose headers   connection: 'keep-alive',
349 verbose headers   'cf-ray': '70ef41e57a7a969f-SJC',
349 verbose headers   'access-control-allow-origin': '*',
349 verbose headers   age: '23',
349 verbose headers   'cache-control': 'public, max-age=300',
349 verbose headers   etag: 'W/"17b9ca1fc4612add59372d4f386fc028"',
349 verbose headers   'last-modified': 'Tue, 10 May 2022 09:03:27 GMT',
349 verbose headers   vary: 'accept-encoding, accept',
349 verbose headers   'cf-cache-status': 'HIT',
349 verbose headers   'expect-ct': 'max-age=604800, report-uri="https://report-uri.cloudflare.com/cdn-cgi/beacon/expect-ct"',
349 verbose headers   'x-amz-replication-status': 'PENDING',
349 verbose headers   server: 'cloudflare',
349 verbose headers   'content-encoding': 'gzip' }
350 silly get cb [ 200,
350 silly get   { date: 'Sat, 21 May 2022 18:08:26 GMT',
350 silly get     'content-type': 'application/json',
350 silly get     'transfer-encoding': 'chunked',
350 silly get     connection: 'keep-alive',
350 silly get     'cf-ray': '70ef41e57a7a969f-SJC',
350 silly get     'access-control-allow-origin': '*',
350 silly get     age: '23',
350 silly get     'cache-control': 'public, max-age=300',
350 silly get     etag: 'W/"17b9ca1fc4612add59372d4f386fc028"',
350 silly get     'last-modified': 'Tue, 10 May 2022 09:03:27 GMT',
350 silly get     vary: 'accept-encoding, accept',
350 silly get     'cf-cache-status': 'HIT',
350 silly get     'expect-ct': 'max-age=604800, report-uri="https://report-uri.cloudflare.com/cdn-cgi/beacon/expect-ct"',
350 silly get     'x-amz-replication-status': 'PENDING',
350 silly get     server: 'cloudflare',
350 silly get     'content-encoding': 'gzip' } ]
351 verbose get saving nanoid to /home/andrew/.npm/registry.npmjs.org/nanoid/.cache.json
352 verbose get https://registry.npmjs.org/compression not expired, no request
353 silly addNameRange number 2 { name: 'compression', range: '>=1.7.4 <2.0.0', hasData: true }
354 silly addNameRange versions [ 'compression',
354 silly addNameRange   [ '1.0.0',
354 silly addNameRange     '1.0.1',
354 silly addNameRange     '1.0.2',
354 silly addNameRange     '1.0.3',
354 silly addNameRange     '1.0.4',
354 silly addNameRange     '1.0.5',
354 silly addNameRange     '1.0.6',
354 silly addNameRange     '1.0.7',
354 silly addNameRange     '1.0.8',
354 silly addNameRange     '1.0.9',
354 silly addNameRange     '1.0.10',
354 silly addNameRange     '1.0.11',
354 silly addNameRange     '1.1.0',
354 silly addNameRange     '1.1.1',
354 silly addNameRange     '1.1.2',
354 silly addNameRange     '1.2.0',
354 silly addNameRange     '1.2.1',
354 silly addNameRange     '1.2.2',
354 silly addNameRange     '1.3.0',
354 silly addNameRange     '1.3.1',
354 silly addNameRange     '1.4.0',
354 silly addNameRange     '1.4.1',
354 silly addNameRange     '1.4.2',
354 silly addNameRange     '1.4.3',
354 silly addNameRange     '1.4.4',
354 silly addNameRange     '1.5.0',
354 silly addNameRange     '1.5.1',
354 silly addNameRange     '1.5.2',
354 silly addNameRange     '1.6.0',
354 silly addNameRange     '1.6.1',
354 silly addNameRange     '1.6.2',
354 silly addNameRange     '1.7.0',
354 silly addNameRange     '1.7.1',
354 silly addNameRange     '1.7.2',
354 silly addNameRange     '1.7.3',
354 silly addNameRange     '1.7.4' ] ]
355 silly addNamed compression@1.7.4
356 verbose addNamed "1.7.4" is a plain semver version for compression
357 info retry fetch attempt 1 at 11:08:26 AM
358 info attempt registry request try #1 at 11:08:26 AM
359 http fetch GET https://registry.npmjs.org/chalk/-/chalk-4.1.2.tgz
360 silly mapToRegistry name compression
361 silly mapToRegistry using default registry
362 silly mapToRegistry registry https://registry.npmjs.org/
363 silly mapToRegistry uri https://registry.npmjs.org/compression
364 verbose addRemoteTarball https://registry.npmjs.org/compression/-/compression-1.7.4.tgz not in flight; adding
365 verbose addRemoteTarball [ 'https://registry.npmjs.org/compression/-/compression-1.7.4.tgz',
365 verbose addRemoteTarball   '95523eff170ca57c29a0ca41e6fe131f41e5bb8f' ]
366 info retry fetch attempt 1 at 11:08:26 AM
367 info attempt registry request try #1 at 11:08:26 AM
368 http fetch GET https://registry.npmjs.org/cors/-/cors-2.8.5.tgz
369 http 200 https://registry.npmjs.org/please-upgrade-node
370 verbose headers { date: 'Sat, 21 May 2022 18:08:26 GMT',
370 verbose headers   'content-type': 'application/json',
370 verbose headers   'transfer-encoding': 'chunked',
370 verbose headers   connection: 'keep-alive',
370 verbose headers   'cf-ray': '70ef41e57bc697c4-SJC',
370 verbose headers   'access-control-allow-origin': '*',
370 verbose headers   'cache-control': 'public, max-age=300',
370 verbose headers   etag: 'W/"ede2c1252952df033d81f25c00591d94"',
370 verbose headers   'last-modified': 'Fri, 13 May 2022 01:58:03 GMT',
370 verbose headers   vary: 'accept-encoding, accept',
370 verbose headers   'cf-cache-status': 'REVALIDATED',
370 verbose headers   'expect-ct': 'max-age=604800, report-uri="https://report-uri.cloudflare.com/cdn-cgi/beacon/expect-ct"',
370 verbose headers   'x-amz-replication-status': 'PENDING',
370 verbose headers   server: 'cloudflare',
370 verbose headers   'content-encoding': 'gzip' }
371 silly get cb [ 200,
371 silly get   { date: 'Sat, 21 May 2022 18:08:26 GMT',
371 silly get     'content-type': 'application/json',
371 silly get     'transfer-encoding': 'chunked',
371 silly get     connection: 'keep-alive',
371 silly get     'cf-ray': '70ef41e57bc697c4-SJC',
371 silly get     'access-control-allow-origin': '*',
371 silly get     'cache-control': 'public, max-age=300',
371 silly get     etag: 'W/"ede2c1252952df033d81f25c00591d94"',
371 silly get     'last-modified': 'Fri, 13 May 2022 01:58:03 GMT',
371 silly get     vary: 'accept-encoding, accept',
371 silly get     'cf-cache-status': 'REVALIDATED',
371 silly get     'expect-ct': 'max-age=604800, report-uri="https://report-uri.cloudflare.com/cdn-cgi/beacon/expect-ct"',
371 silly get     'x-amz-replication-status': 'PENDING',
371 silly get     server: 'cloudflare',
371 silly get     'content-encoding': 'gzip' } ]
372 verbose get saving please-upgrade-node to /home/andrew/.npm/registry.npmjs.org/please-upgrade-node/.cache.json
373 verbose get https://registry.npmjs.org/pluralize not expired, no request
374 silly addNameRange number 2 { name: 'pluralize', range: '>=8.0.0 <9.0.0', hasData: true }
375 silly addNameRange versions [ 'pluralize',
375 silly addNameRange   [ '0.0.1',
375 silly addNameRange     '0.0.2',
375 silly addNameRange     '0.0.3',
375 silly addNameRange     '0.0.4',
375 silly addNameRange     '0.0.5',
375 silly addNameRange     '0.0.6',
375 silly addNameRange     '0.0.7',
375 silly addNameRange     '0.0.8',
375 silly addNameRange     '0.0.9',
375 silly addNameRange     '0.0.10',
375 silly addNameRange     '0.0.11',
375 silly addNameRange     '0.0.12',
375 silly addNameRange     '1.0.0',
375 silly addNameRange     '1.0.1',
375 silly addNameRange     '1.0.2',
375 silly addNameRange     '1.0.3',
375 silly addNameRange     '1.1.0',
375 silly addNameRange     '1.1.1',
375 silly addNameRange     '1.1.2',
375 silly addNameRange     '1.1.3',
375 silly addNameRange     '1.1.4',
375 silly addNameRange     '1.1.5',
375 silly addNameRange     '1.1.6',
375 silly addNameRange     '1.2.0',
375 silly addNameRange     '1.2.1',
375 silly addNameRange     '2.0.0',
375 silly addNameRange     '3.0.0',
375 silly addNameRange     '3.1.0',
375 silly addNameRange     '4.0.0',
375 silly addNameRange     '5.0.0',
375 silly addNameRange     '5.1.0',
375 silly addNameRange     '6.0.0',
375 silly addNameRange     '7.0.0',
375 silly addNameRange     '8.0.0' ] ]
376 silly addNamed pluralize@8.0.0
377 verbose addNamed "8.0.0" is a plain semver version for pluralize
378 silly resolveWithNewModule morgan@1.10.0 checking installable status
379 silly cache add args [ 'morgan@^1.10.0', null ]
380 verbose cache add spec morgan@^1.10.0
381 silly cache add parsed spec Result {
381 silly cache add   raw: 'morgan@^1.10.0',
381 silly cache add   scope: null,
381 silly cache add   name: 'morgan',
381 silly cache add   rawSpec: '^1.10.0',
381 silly cache add   spec: '>=1.10.0 <2.0.0',
381 silly cache add   type: 'range' }
382 silly addNamed morgan@>=1.10.0 <2.0.0
383 verbose addNamed ">=1.10.0 <2.0.0" is a valid semver range for morgan
384 silly addNameRange { name: 'morgan', range: '>=1.10.0 <2.0.0', hasData: false }
385 silly mapToRegistry name morgan
386 silly mapToRegistry using default registry
387 silly mapToRegistry registry https://registry.npmjs.org/
388 silly mapToRegistry uri https://registry.npmjs.org/morgan
389 verbose addNameRange registry:https://registry.npmjs.org/morgan not in flight; fetching
390 silly mapToRegistry name pluralize
391 silly mapToRegistry using default registry
392 silly mapToRegistry registry https://registry.npmjs.org/
393 silly mapToRegistry uri https://registry.npmjs.org/pluralize
394 verbose addRemoteTarball https://registry.npmjs.org/pluralize/-/pluralize-8.0.0.tgz not in flight; adding
395 verbose addRemoteTarball [ 'https://registry.npmjs.org/pluralize/-/pluralize-8.0.0.tgz',
395 verbose addRemoteTarball   '1a6fa16a38d12a1901e0320fa017051c539ce3b1' ]
396 info retry fetch attempt 1 at 11:08:26 AM
397 info attempt registry request try #1 at 11:08:26 AM
398 http fetch GET https://registry.npmjs.org/compression/-/compression-1.7.4.tgz
399 http 200 https://registry.npmjs.org/server-destroy
400 verbose headers { date: 'Sat, 21 May 2022 18:08:26 GMT',
400 verbose headers   'content-type': 'application/json; charset=UTF-8',
400 verbose headers   'transfer-encoding': 'chunked',
400 verbose headers   connection: 'keep-alive',
400 verbose headers   'cf-ray': '70ef41e588009e6e-SJC',
400 verbose headers   'access-control-allow-origin': '*',
400 verbose headers   'cache-control': 'public, max-age=300',
400 verbose headers   etag: 'W/"1fe3c29d2b8c9ee40cb851304a8a5ab3"',
400 verbose headers   'last-modified': 'Sun, 27 May 2018 17:01:54 GMT',
400 verbose headers   vary: 'accept-encoding, accept',
400 verbose headers   'cf-cache-status': 'REVALIDATED',
400 verbose headers   'expect-ct': 'max-age=604800, report-uri="https://report-uri.cloudflare.com/cdn-cgi/beacon/expect-ct"',
400 verbose headers   server: 'cloudflare',
400 verbose headers   'content-encoding': 'gzip' }
401 silly get cb [ 200,
401 silly get   { date: 'Sat, 21 May 2022 18:08:26 GMT',
401 silly get     'content-type': 'application/json; charset=UTF-8',
401 silly get     'transfer-encoding': 'chunked',
401 silly get     connection: 'keep-alive',
401 silly get     'cf-ray': '70ef41e588009e6e-SJC',
401 silly get     'access-control-allow-origin': '*',
401 silly get     'cache-control': 'public, max-age=300',
401 silly get     etag: 'W/"1fe3c29d2b8c9ee40cb851304a8a5ab3"',
401 silly get     'last-modified': 'Sun, 27 May 2018 17:01:54 GMT',
401 silly get     vary: 'accept-encoding, accept',
401 silly get     'cf-cache-status': 'REVALIDATED',
401 silly get     'expect-ct': 'max-age=604800, report-uri="https://report-uri.cloudflare.com/cdn-cgi/beacon/expect-ct"',
401 silly get     server: 'cloudflare',
401 silly get     'content-encoding': 'gzip' } ]
402 verbose get saving server-destroy to /home/andrew/.npm/registry.npmjs.org/server-destroy/.cache.json
403 info retry fetch attempt 1 at 11:08:26 AM
404 info attempt registry request try #1 at 11:08:26 AM
405 http fetch GET https://registry.npmjs.org/pluralize/-/pluralize-8.0.0.tgz
406 http 200 https://registry.npmjs.org/update-notifier
407 verbose headers { date: 'Sat, 21 May 2022 18:08:26 GMT',
407 verbose headers   'content-type': 'application/json',
407 verbose headers   'transfer-encoding': 'chunked',
407 verbose headers   connection: 'keep-alive',
407 verbose headers   'cf-ray': '70ef41e58f80963f-SJC',
407 verbose headers   'access-control-allow-origin': '*',
407 verbose headers   'cache-control': 'public, max-age=300',
407 verbose headers   etag: 'W/"35ae0e6f35397b2c523ed280fda78595"',
407 verbose headers   'last-modified': 'Mon, 10 Jan 2022 08:39:24 GMT',
407 verbose headers   vary: 'accept-encoding, accept',
407 verbose headers   'cf-cache-status': 'REVALIDATED',
407 verbose headers   'expect-ct': 'max-age=604800, report-uri="https://report-uri.cloudflare.com/cdn-cgi/beacon/expect-ct"',
407 verbose headers   'x-amz-replication-status': 'COMPLETED',
407 verbose headers   server: 'cloudflare',
407 verbose headers   'content-encoding': 'gzip' }
408 silly get cb [ 200,
408 silly get   { date: 'Sat, 21 May 2022 18:08:26 GMT',
408 silly get     'content-type': 'application/json',
408 silly get     'transfer-encoding': 'chunked',
408 silly get     connection: 'keep-alive',
408 silly get     'cf-ray': '70ef41e58f80963f-SJC',
408 silly get     'access-control-allow-origin': '*',
408 silly get     'cache-control': 'public, max-age=300',
408 silly get     etag: 'W/"35ae0e6f35397b2c523ed280fda78595"',
408 silly get     'last-modified': 'Mon, 10 Jan 2022 08:39:24 GMT',
408 silly get     vary: 'accept-encoding, accept',
408 silly get     'cf-cache-status': 'REVALIDATED',
408 silly get     'expect-ct': 'max-age=604800, report-uri="https://report-uri.cloudflare.com/cdn-cgi/beacon/expect-ct"',
408 silly get     'x-amz-replication-status': 'COMPLETED',
408 silly get     server: 'cloudflare',
408 silly get     'content-encoding': 'gzip' } ]
409 verbose get saving update-notifier to /home/andrew/.npm/registry.npmjs.org/update-notifier/.cache.json
410 silly resolveWithNewModule errorhandler@1.5.1 checking installable status
411 silly cache add args [ 'errorhandler@^1.5.1', null ]
412 verbose cache add spec errorhandler@^1.5.1
413 silly cache add parsed spec Result {
413 silly cache add   raw: 'errorhandler@^1.5.1',
413 silly cache add   scope: null,
413 silly cache add   name: 'errorhandler',
413 silly cache add   rawSpec: '^1.5.1',
413 silly cache add   spec: '>=1.5.1 <2.0.0',
413 silly cache add   type: 'range' }
414 silly addNamed errorhandler@>=1.5.1 <2.0.0
415 verbose addNamed ">=1.5.1 <2.0.0" is a valid semver range for errorhandler
416 silly addNameRange { name: 'errorhandler', range: '>=1.5.1 <2.0.0', hasData: false }
417 silly mapToRegistry name errorhandler
418 silly mapToRegistry using default registry
419 silly mapToRegistry registry https://registry.npmjs.org/
420 silly mapToRegistry uri https://registry.npmjs.org/errorhandler
421 verbose addNameRange registry:https://registry.npmjs.org/errorhandler not in flight; fetching
422 verbose get https://registry.npmjs.org/morgan not expired, no request
423 silly addNameRange number 2 { name: 'morgan', range: '>=1.10.0 <2.0.0', hasData: true }
424 silly addNameRange versions [ 'morgan',
424 silly addNameRange   [ '1.0.0',
424 silly addNameRange     '1.0.1',
424 silly addNameRange     '1.1.0',
424 silly addNameRange     '1.1.1',
424 silly addNameRange     '1.2.0',
424 silly addNameRange     '1.2.1',
424 silly addNameRange     '1.2.2',
424 silly addNameRange     '1.2.3',
424 silly addNameRange     '1.3.0',
424 silly addNameRange     '1.3.1',
424 silly addNameRange     '1.3.2',
424 silly addNameRange     '1.4.0',
424 silly addNameRange     '1.4.1',
424 silly addNameRange     '1.5.0',
424 silly addNameRange     '1.5.1',
424 silly addNameRange     '1.5.2',
424 silly addNameRange     '1.5.3',
424 silly addNameRange     '1.6.0',
424 silly addNameRange     '1.6.1',
424 silly addNameRange     '1.7.0',
424 silly addNameRange     '1.8.0',
424 silly addNameRange     '1.8.1',
424 silly addNameRange     '1.8.2',
424 silly addNameRange     '1.9.0',
424 silly addNameRange     '1.9.1',
424 silly addNameRange     '1.10.0' ] ]
425 silly addNamed morgan@1.10.0
426 verbose addNamed "1.10.0" is a plain semver version for morgan
427 http 200 https://registry.npmjs.org/lowdb
428 verbose headers { date: 'Sat, 21 May 2022 18:08:26 GMT',
428 verbose headers   'content-type': 'application/json',
428 verbose headers   'transfer-encoding': 'chunked',
428 verbose headers   connection: 'keep-alive',
428 verbose headers   'cf-ray': '70ef41e57b8524e2-SJC',
428 verbose headers   'access-control-allow-origin': '*',
428 verbose headers   'cache-control': 'public, max-age=300',
428 verbose headers   etag: 'W/"fb92a7963e74ea6b40a46801f754f644"',
428 verbose headers   'last-modified': 'Sun, 08 May 2022 11:27:26 GMT',
428 verbose headers   vary: 'accept-encoding, accept',
428 verbose headers   'cf-cache-status': 'REVALIDATED',
428 verbose headers   'expect-ct': 'max-age=604800, report-uri="https://report-uri.cloudflare.com/cdn-cgi/beacon/expect-ct"',
428 verbose headers   'x-amz-replication-status': 'PENDING',
428 verbose headers   server: 'cloudflare',
428 verbose headers   'content-encoding': 'gzip' }
429 silly get cb [ 200,
429 silly get   { date: 'Sat, 21 May 2022 18:08:26 GMT',
429 silly get     'content-type': 'application/json',
429 silly get     'transfer-encoding': 'chunked',
429 silly get     connection: 'keep-alive',
429 silly get     'cf-ray': '70ef41e57b8524e2-SJC',
429 silly get     'access-control-allow-origin': '*',
429 silly get     'cache-control': 'public, max-age=300',
429 silly get     etag: 'W/"fb92a7963e74ea6b40a46801f754f644"',
429 silly get     'last-modified': 'Sun, 08 May 2022 11:27:26 GMT',
429 silly get     vary: 'accept-encoding, accept',
429 silly get     'cf-cache-status': 'REVALIDATED',
429 silly get     'expect-ct': 'max-age=604800, report-uri="https://report-uri.cloudflare.com/cdn-cgi/beacon/expect-ct"',
429 silly get     'x-amz-replication-status': 'PENDING',
429 silly get     server: 'cloudflare',
429 silly get     'content-encoding': 'gzip' } ]
430 verbose get saving lowdb to /home/andrew/.npm/registry.npmjs.org/lowdb/.cache.json
431 silly resolveWithNewModule body-parser@1.20.0 checking installable status
432 silly cache add args [ 'body-parser@^1.19.0', null ]
433 verbose cache add spec body-parser@^1.19.0
434 silly cache add parsed spec Result {
434 silly cache add   raw: 'body-parser@^1.19.0',
434 silly cache add   scope: null,
434 silly cache add   name: 'body-parser',
434 silly cache add   rawSpec: '^1.19.0',
434 silly cache add   spec: '>=1.19.0 <2.0.0',
434 silly cache add   type: 'range' }
435 silly addNamed body-parser@>=1.19.0 <2.0.0
436 verbose addNamed ">=1.19.0 <2.0.0" is a valid semver range for body-parser
437 silly addNameRange { name: 'body-parser', range: '>=1.19.0 <2.0.0', hasData: false }
438 silly mapToRegistry name body-parser
439 silly mapToRegistry using default registry
440 silly mapToRegistry registry https://registry.npmjs.org/
441 silly mapToRegistry uri https://registry.npmjs.org/body-parser
442 verbose addNameRange registry:https://registry.npmjs.org/body-parser not in flight; fetching
443 silly mapToRegistry name morgan
444 silly mapToRegistry using default registry
445 silly mapToRegistry registry https://registry.npmjs.org/
446 silly mapToRegistry uri https://registry.npmjs.org/morgan
447 verbose addRemoteTarball https://registry.npmjs.org/morgan/-/morgan-1.10.0.tgz not in flight; adding
448 verbose addRemoteTarball [ 'https://registry.npmjs.org/morgan/-/morgan-1.10.0.tgz',
448 verbose addRemoteTarball   '091778abc1fc47cd3509824653dae1faab6b17d7' ]
449 silly resolveWithNewModule lodash@4.17.21 checking installable status
450 silly cache add args [ 'lodash@^4.17.21', null ]
451 verbose cache add spec lodash@^4.17.21
452 silly cache add parsed spec Result {
452 silly cache add   raw: 'lodash@^4.17.21',
452 silly cache add   scope: null,
452 silly cache add   name: 'lodash',
452 silly cache add   rawSpec: '^4.17.21',
452 silly cache add   spec: '>=4.17.21 <5.0.0',
452 silly cache add   type: 'range' }
453 silly addNamed lodash@>=4.17.21 <5.0.0
454 verbose addNamed ">=4.17.21 <5.0.0" is a valid semver range for lodash
455 silly addNameRange { name: 'lodash', range: '>=4.17.21 <5.0.0', hasData: false }
456 silly mapToRegistry name lodash
457 silly mapToRegistry using default registry
458 silly mapToRegistry registry https://registry.npmjs.org/
459 silly mapToRegistry uri https://registry.npmjs.org/lodash
460 verbose addNameRange registry:https://registry.npmjs.org/lodash not in flight; fetching
461 verbose stack Error: Missing required argument #1
461 verbose stack     at andLogAndFinish (/usr/share/npm/lib/fetch-package-metadata.js:31:3)
461 verbose stack     at fetchPackageMetadata (/usr/share/npm/lib/fetch-package-metadata.js:51:22)
461 verbose stack     at resolveWithNewModule (/usr/share/npm/lib/install/deps.js:456:12)
461 verbose stack     at /usr/share/npm/lib/install/deps.js:457:7
461 verbose stack     at /usr/share/npm/node_modules/iferr/index.js:13:50
461 verbose stack     at /usr/share/npm/lib/fetch-package-metadata.js:37:12
461 verbose stack     at addRequestedAndFinish (/usr/share/npm/lib/fetch-package-metadata.js:82:5)
461 verbose stack     at returnAndAddMetadata (/usr/share/npm/lib/fetch-package-metadata.js:117:7)
461 verbose stack     at pickVersionFromRegistryDocument (/usr/share/npm/lib/fetch-package-metadata.js:134:20)
461 verbose stack     at /usr/share/npm/node_modules/iferr/index.js:13:50
462 verbose cwd /home/andrew/awesome-akash/chia
463 error Linux 5.4.0-109-generic
464 error argv "/usr/bin/node" "/usr/bin/npm" "install" "-g" "json-server"
465 error node v8.10.0
466 error npm  v3.5.2
467 error code EMISSINGARG
468 error typeerror Error: Missing required argument #1
468 error typeerror     at andLogAndFinish (/usr/share/npm/lib/fetch-package-metadata.js:31:3)
468 error typeerror     at fetchPackageMetadata (/usr/share/npm/lib/fetch-package-metadata.js:51:22)
468 error typeerror     at resolveWithNewModule (/usr/share/npm/lib/install/deps.js:456:12)
468 error typeerror     at /usr/share/npm/lib/install/deps.js:457:7
468 error typeerror     at /usr/share/npm/node_modules/iferr/index.js:13:50
468 error typeerror     at /usr/share/npm/lib/fetch-package-metadata.js:37:12
468 error typeerror     at addRequestedAndFinish (/usr/share/npm/lib/fetch-package-metadata.js:82:5)
468 error typeerror     at returnAndAddMetadata (/usr/share/npm/lib/fetch-package-metadata.js:117:7)
468 error typeerror     at pickVersionFromRegistryDocument (/usr/share/npm/lib/fetch-package-metadata.js:134:20)
468 error typeerror     at /usr/share/npm/node_modules/iferr/index.js:13:50
469 error typeerror This is an error with npm itself. Please report this error at:
469 error typeerror     <http://github.com/npm/npm/issues>
470 verbose exit [ 1, true ]
